生成启动时间为 2017/3/24 15:53:26。
     1>项目“C:\Users\kelei\Desktop\ImageStitching\ImageStitchig\StitchingVSQt\StitchingVSQt.vcxproj”在节点 2 上(Build 个目标)。
     1>ClCompile:
         C:\Program Files (x86)\VC\bin\x86_amd64\CL.exe /c /I.\GeneratedFiles /I. /IF:\Qt\5.4\msvc2013_64\include /I.\GeneratedFiles\Release /IF:\Qt\5.4\msvc2013_64\include\QtCore /IF:\Qt\5.4\msvc2013_64\include\QtGui /IF:\Qt\5.4\msvc2013_64\include\QtWidgets /nologo /W1 /WX- /O2 /D WIN32 /D WIN64 /D QT_DLL /D QT_NO_DEBUG /D NDEBUG /D QT_CORE_LIB /D QT_GUI_LIB /D QT_WIDGETS_LIB /D _MBCS /Gm- /EHsc /MD /GS /fp:precise /Zc:wchar_t /Zc:forScope /Fo"x64\Release\\" /Fd"x64\Release\vc120.pdb" /Gd /TP /errorReport:prompt GeneratedFiles\qrc_stitchingvsqt.cpp
         qrc_stitchingvsqt.cpp
         C:\Program Files (x86)\VC\bin\x86_amd64\CL.exe /c /I.\GeneratedFiles /I. /IF:\Qt\5.4\msvc2013_64\include /I.\GeneratedFiles\Release /IF:\Qt\5.4\msvc2013_64\include\QtCore /IF:\Qt\5.4\msvc2013_64\include\QtGui /IF:\Qt\5.4\msvc2013_64\include\QtWidgets /nologo /W1 /WX- /O2 /D WIN32 /D WIN64 /D QT_DLL /D QT_NO_DEBUG /D NDEBUG /D QT_CORE_LIB /D QT_GUI_LIB /D QT_WIDGETS_LIB /D _MBCS /Gm- /EHsc /MD /GS /fp:precise /Zc:wchar_t /Zc:forScope /Fo"x64\Release\\" /Fd"x64\Release\vc120.pdb" /Gd /TP /errorReport:prompt GeneratedFiles\Release\moc_stitchingvsqt.cpp main.cpp stitching.cpp stitchingvsqt.cpp
         moc_stitchingvsqt.cpp
         main.cpp
         stitching.cpp
         stitchingvsqt.cpp
         正在生成代码...
       Link:
         C:\Program Files (x86)\VC\bin\x86_amd64\link.exe /ERRORREPORT:PROMPT /OUT:"C:\Users\kelei\Desktop\ImageStitching\ImageStitchig\x64\Release\\StitchingVSQt.exe" /NOLOGO /LIBPATH:F:\Qt\5.4\msvc2013_64\lib qtmain.lib Qt5Core.lib Qt5Gui.lib Qt5Widgets.lib opencv_ml249.lib opencv_calib3d249.lib opencv_contrib249.lib opencv_core249.lib opencv_features2d249.lib opencv_flann249.lib opencv_gpu249.lib opencv_highgui249.lib opencv_imgproc249.lib opencv_legacy249.lib opencv_objdetect249.lib opencv_ts249.lib opencv_video249.lib opencv_nonfree249.lib opencv_ocl249.lib opencv_photo249.lib opencv_stitching249.lib opencv_superres249.lib opencv_videostab249.lib kernel32.lib user32.lib gdi32.lib winspool.lib comdlg32.lib advapi32.lib shell32.lib ole32.lib oleaut32.lib uuid.lib odbc32.lib odbccp32.lib /MANIFEST /MANIFESTUAC:"level='asInvoker' uiAccess='false'" /manifest:embed /PDB:"C:\Users\kelei\Desktop\ImageStitching\ImageStitchig\x64\Release\StitchingVSQt.pdb" /SUBSYSTEM:WINDOWS /TLBID:1 /DYNAMICBASE /NXCOMPAT /IMPLIB:"C:\Users\kelei\Desktop\ImageStitching\ImageStitchig\x64\Release\StitchingVSQt.lib" /MACHINE:X64 x64\Release\qrc_stitchingvsqt.obj
         x64\Release\moc_stitchingvsqt.obj
         x64\Release\main.obj
         x64\Release\stitching.obj
         x64\Release\stitchingvsqt.obj
         StitchingVSQt.vcxproj -> C:\Users\kelei\Desktop\ImageStitching\ImageStitchig\x64\Release\StitchingVSQt.exe
     1>已完成生成项目“C:\Users\kelei\Desktop\ImageStitching\ImageStitchig\StitchingVSQt\StitchingVSQt.vcxproj”(Build 个目标)的操作。

生成成功。

已用时间 00:00:10.79
