g:\c++\stitchingvsqt\stitchingvsqt\x64\release\stitchingvsqt.obj
g:\c++\stitchingvsqt\stitchingvsqt\x64\release\stitching.obj
g:\c++\stitchingvsqt\stitchingvsqt\x64\release\main.obj
g:\c++\stitchingvsqt\stitchingvsqt\x64\release\moc_stitchingvsqt.obj
c:\users\kelei\desktop\imagestitching\imagestitchig\stitchingvsqt\x64\release\stitchingvsqt.obj
c:\users\kelei\desktop\imagestitching\imagestitchig\stitchingvsqt\x64\release\stitching.obj
c:\users\kelei\desktop\imagestitching\imagestitchig\stitchingvsqt\x64\release\qrc_stitchingvsqt.obj
c:\users\kelei\desktop\imagestitching\imagestitchig\stitchingvsqt\x64\release\main.obj
c:\users\kelei\desktop\imagestitching\imagestitchig\stitchingvsqt\x64\release\moc_stitchingvsqt.obj
g:\c++\stitchingvsqt\stitchingvsqt\generatedfiles\release\moc_stitchingvsqt.cpp
g:\c++\stitchingvsqt\stitchingvsqt\generatedfiles\ui_stitchingvsqt.h
g:\c++\stitchingvsqt\stitchingvsqt\generatedfiles\qrc_stitchingvsqt.cpp
c:\users\kelei\desktop\imagestitching\imagestitchig\stitchingvsqt\generatedfiles\qrc_stitchingvsqt.cpp
c:\users\kelei\desktop\imagestitching\imagestitchig\stitchingvsqt\generatedfiles\ui_stitchingvsqt.h
c:\users\kelei\desktop\imagestitching\imagestitchig\stitchingvsqt\generatedfiles\release\moc_stitchingvsqt.cpp
c:\users\kelei\desktop\imagestitching\imagestitchig\x64\release\stitchingvsqt.exe
c:\users\kelei\desktop\imagestitching\imagestitchig\stitchingvsqt\x64\release\stitchingvsqt.tlog\cl.command.1.tlog
c:\users\kelei\desktop\imagestitching\imagestitchig\stitchingvsqt\x64\release\stitchingvsqt.tlog\cl.read.1.tlog
c:\users\kelei\desktop\imagestitching\imagestitchig\stitchingvsqt\x64\release\stitchingvsqt.tlog\cl.write.1.tlog
c:\users\kelei\desktop\imagestitching\imagestitchig\stitchingvsqt\x64\release\stitchingvsqt.tlog\custombuild.command.1.tlog
c:\users\kelei\desktop\imagestitching\imagestitchig\stitchingvsqt\x64\release\stitchingvsqt.tlog\custombuild.read.1.tlog
c:\users\kelei\desktop\imagestitching\imagestitchig\stitchingvsqt\x64\release\stitchingvsqt.tlog\custombuild.write.1.tlog
c:\users\kelei\desktop\imagestitching\imagestitchig\stitchingvsqt\x64\release\stitchingvsqt.tlog\link.command.1.tlog
c:\users\kelei\desktop\imagestitching\imagestitchig\stitchingvsqt\x64\release\stitchingvsqt.tlog\link.read.1.tlog
c:\users\kelei\desktop\imagestitching\imagestitchig\stitchingvsqt\x64\release\stitchingvsqt.tlog\link.write.1.tlog
