#1
base: 518.353, 155.658
src : 500.182, 218.612
dif :62.9541
#2
base: 300.539, 287.944
src : 279.746, 348.378
dif :60.4336
#3
base: 833.711, 200.878
src : 809.538, 261.587
dif :60.7088
#4
base: 650.796, 242.067
src : 636.091, 304.804
dif :62.7378
#5
base: 644.834, 264.372
src : 630.531, 327.52
dif :63.1477
#6
base: 680.784, 242.114
src : 665.062, 305.33
dif :63.2164
#7
base: 393.949, 159.015
src : 376.913, 222.516
dif :63.5006
#8
base: 626.482, 191.407
src : 611.394, 256.723
dif :65.3166
#9
base: 828.129, 198.98
src : 804.541, 259.22
dif :60.2401
#10
base: 829.116, 190.852
src : 804.929, 251.442
dif :60.5904
#11
base: 831.272, 191.759
src : 807.117, 252.25
dif :60.4916
#12
base: 683.744, 184.468
src : 666.847, 249.843
dif :65.3747
#13
base: 611.796, 194.439
src : 597.251, 260.299
dif :65.8602
#14
base: 333.774, 32.3374
src : 312.332, 95.8519
dif :63.5144
#15
base: 617.791, 205.502
src : 602.61, 270.829
dif :65.3268
#16
base: 818.146, 213.35
src : 795.128, 273.388
dif :60.038
#17
base: 620.825, 183.887
src : 605.235, 249.657
dif :65.7709
#18
base: 529.82, 208.839
src : 516.167, 274.055
dif :65.2162
#19
base: 579.063, 207.472
src : 565.05, 272.584
dif :65.1117
#20
base: 509.84, 256.781
src : 495.949, 319.613
dif :62.8322
#21
base: 295.567, 263.398
src : 274.59, 323.331
dif :59.9323
#22
base: 531.678, 201.567
src : 517.935, 266.779
dif :65.2114
#23
base: 600.742, 191.359
src : 585.579, 256.659
dif :65.2996
#24
base: 797.06, 271.806
src : 777.595, 330.826
dif :59.0199
#25
base: 801.696, 191.647
src : 778.531, 252.466
dif :60.819
#26
base: 630.352, 71.216
src : 607.308, 137.169
dif :65.9535
#27
base: 809.121, 304.955
src : 790.054, 363.782
dif :58.8263
#28
base: 553.748, 222.065
src : 540.306, 286.875
dif :64.8096
#29
base: 297.757, 246.449
src : 276.73, 307.198
dif :60.7492
#30
base: 656.162, 210.952
src : 641.112, 275.558
dif :64.6061
#31
base: 659.024, 284.873
src : 643.961, 347.037
dif :62.1639
#32
base: 813.783, 271.523
src : 793.304, 330.585
dif :59.0624
#33
base: 851.75, 434.569
src : 852.221, 506.702
dif :72.1331
#34
base: 389.919, 112.13
src : 371.927, 176.069
dif :63.9391
#35
base: 537.202, 214.568
src : 523.465, 279.618
dif :65.0504
#36
base: 765.363, 94.4285
src : 739.319, 158.732
dif :64.3039
#37
base: 529.454, 221.133
src : 514.577, 287.045
dif :65.9115
#38
base: 630.558, 107.028
src : 607.278, 170.672
dif :63.6445
#39
base: 609.835, 68.8951
src : 584.783, 135.089
dif :66.1942
#40
base: 405.729, 117.247
src : 387.199, 181.311
dif :64.0643
#41
base: 815.553, 271.735
src : 794.74, 330.541
dif :58.8058
#42
base: 583.028, 220.84
src : 569.38, 286.297
dif :65.4573
#43
base: 557.796, 221.378
src : 544.198, 286.431
dif :65.0529
#44
base: 672.608, 220.46
src : 656.486, 284.861
dif :64.4007
#45
base: 500.759, 213.676
src : 487.783, 279.199
dif :65.5225
#46
base: 604.338, 219.307
src : 590.37, 284.694
dif :65.3873
46/64
